Determining if the pthread_create exist failed with the following output:
Change Dir: /home/parallels/ros/dual_robot/build/CMakeFiles/CMakeTmp

Run Build Command:"/usr/bin/make" "cmTC_fd5bc/fast"
/usr/bin/make -f CMakeFiles/cmTC_fd5bc.dir/build.make CMakeFiles/cmTC_fd5bc.dir/build
make[1]: Entering directory '/home/parallels/ros/dual_robot/build/CMakeFiles/CMakeTmp'
Building C object CMakeFiles/cmTC_fd5bc.dir/CheckSymbolExists.c.o
/usr/bin/cc    -o CMakeFiles/cmTC_fd5bc.dir/CheckSymbolExists.c.o   -c /home/parallels/ros/dual_robot/build/CMakeFiles/CMakeTmp/CheckSymbolExists.c
Linking C executable cmTC_fd5bc
/usr/bin/cmake -E cmake_link_script CMakeFiles/cmTC_fd5bc.dir/link.txt --verbose=1
/usr/bin/cc      -rdynamic CMakeFiles/cmTC_fd5bc.dir/CheckSymbolExists.c.o  -o cmTC_fd5bc 
CMakeFiles/cmTC_fd5bc.dir/CheckSymbolExists.c.o: In function `main':
CheckSymbolExists.c:(.text+0x1b): undefined reference to `pthread_create'
collect2: error: ld returned 1 exit status
CMakeFiles/cmTC_fd5bc.dir/build.make:97: recipe for target 'cmTC_fd5bc' failed
make[1]: *** [cmTC_fd5bc] Error 1
make[1]: Leaving directory '/home/parallels/ros/dual_robot/build/CMakeFiles/CMakeTmp'
Makefile:126: recipe for target 'cmTC_fd5bc/fast' failed
make: *** [cmTC_fd5bc/fast] Error 2

File /home/parallels/ros/dual_robot/build/CMakeFiles/CMakeTmp/CheckSymbolExists.c:
/* */
#include <pthread.h>

int main(int argc, char** argv)
{
  (void)argv;
#ifndef pthread_create
  return ((int*)(&pthread_create))[argc];
#else
  (void)argc;
  return 0;
#endif
}

Determining if the function pthread_create exists in the pthreads failed with the following output:
Change Dir: /home/parallels/ros/dual_robot/build/CMakeFiles/CMakeTmp

Run Build Command:"/usr/bin/make" "cmTC_29c0a/fast"
/usr/bin/make -f CMakeFiles/cmTC_29c0a.dir/build.make CMakeFiles/cmTC_29c0a.dir/build
make[1]: Entering directory '/home/parallels/ros/dual_robot/build/CMakeFiles/CMakeTmp'
Building C object CMakeFiles/cmTC_29c0a.dir/CheckFunctionExists.c.o
/usr/bin/cc   -DCHECK_FUNCTION_EXISTS=pthread_create   -o CMakeFiles/cmTC_29c0a.dir/CheckFunctionExists.c.o   -c /usr/share/cmake-3.10/Modules/CheckFunctionExists.c
Linking C executable cmTC_29c0a
/usr/bin/cmake -E cmake_link_script CMakeFiles/cmTC_29c0a.dir/link.txt --verbose=1
/usr/bin/cc  -DCHECK_FUNCTION_EXISTS=pthread_create    -rdynamic CMakeFiles/cmTC_29c0a.dir/CheckFunctionExists.c.o  -o cmTC_29c0a -lpthreads 
/usr/bin/ld: cannot find -lpthreads
collect2: error: ld returned 1 exit status
CMakeFiles/cmTC_29c0a.dir/build.make:97: recipe for target 'cmTC_29c0a' failed
make[1]: *** [cmTC_29c0a] Error 1
make[1]: Leaving directory '/home/parallels/ros/dual_robot/build/CMakeFiles/CMakeTmp'
Makefile:126: recipe for target 'cmTC_29c0a/fast' failed
make: *** [cmTC_29c0a/fast] Error 2


